2018-01-16 15:07:44,811 INFO  [org.alfresco.repo.admin] [localhost-startStop-1] Using database URL 'jdbc:h2:/opt/src/share-site-space-templates/share-site-space-templates-repo/alf_data_dev/h2_data/alf_dev;AUTO_SERVER=TRUE;DB_CLOSE_ON_EXIT=FALSE;LOCK_TIMEOUT=10000;MVCC=FALSE;LOCK_MODE=0' with user 'alfresco'.
2018-01-16 15:07:44,813 INFO  [org.alfresco.repo.admin] [localhost-startStop-1] Connected to database H2 version 1.4.190 (2015-10-11)
2018-01-16 15:07:48,540 INFO  [org.alfresco.repo.domain.schema.SchemaBootstrap] [localhost-startStop-1] Ignoring script patch (post-Hibernate): patch.db-V4.2-metadata-query-indexes
2018-01-16 15:07:48,540 INFO  [org.alfresco.repo.domain.schema.SchemaBootstrap] [localhost-startStop-1] Ignoring script patch (post-Hibernate): patch.db-V5.1-metadata-query-indexes
2018-01-16 15:07:48,540 INFO  [org.alfresco.repo.domain.schema.SchemaBootstrap] [localhost-startStop-1] Ignoring script patch (post-Hibernate): patch.db-V5.2-remove-jbpm-tables-from-db
2018-01-16 15:07:53,550 INFO  [org.alfresco.repo.management.subsystems.ChildApplicationContextFactory] [localhost-startStop-1] Starting 'Authentication' subsystem, ID: [Authentication, managed, alfrescoNtlm1]
2018-01-16 15:07:53,716 INFO  [org.alfresco.repo.management.subsystems.ChildApplicationContextFactory] [localhost-startStop-1] Startup of 'Authentication' subsystem, ID: [Authentication, managed, alfrescoNtlm1] complete
2018-01-16 15:07:55,780 INFO  [org.springframework.extensions.webscripts.TemplateProcessorRegistry] [localhost-startStop-1] Registered template processor Repository Template Processor for extension ftl
2018-01-16 15:07:55,782 INFO  [org.springframework.extensions.webscripts.ScriptProcessorRegistry] [localhost-startStop-1] Registered script processor Repository Script Processor for extension js
2018-01-16 15:07:57,697 INFO  [org.alfresco.repo.management.subsystems.ChildApplicationContextFactory] [localhost-startStop-1] Starting 'ContentStore' subsystem, ID: [ContentStore, managed, unencrypted]
2018-01-16 15:07:57,726 INFO  [org.alfresco.repo.management.subsystems.ChildApplicationContextFactory] [localhost-startStop-1] Startup of 'ContentStore' subsystem, ID: [ContentStore, managed, unencrypted] complete
2018-01-16 15:07:57,770 INFO  [org.alfresco.repo.domain.schema.SchemaBootstrap] [localhost-startStop-1] Connecting to database: jdbc:h2:/opt/src/share-site-space-templates/share-site-space-templates-repo/alf_data_dev/h2_data/alf_dev, UserName=ALFRESCO, H2 JDBC Driver
2018-01-16 15:07:57,770 INFO  [org.alfresco.repo.domain.schema.SchemaBootstrap] [localhost-startStop-1] Schema managed by database dialect org.hibernate.dialect.H2Dialect.
2018-01-16 15:07:57,837 WARN  [org.alfresco.repo.domain.schema.SchemaBootstrap] [localhost-startStop-1] Schema validation found 85 potential problems, results written to: /var/folders/9l/xf0cdj412fs4_bq2m9x52g0c0000gp/T/Alfresco/Alfresco-H2Dialect-Validation-Pre-Upgrade-alf_-3070950914927471634.txt
2018-01-16 15:07:57,845 WARN  [org.alfresco.repo.domain.schema.SchemaBootstrap] [localhost-startStop-1] Schema validation found 26 potential problems, results written to: /var/folders/9l/xf0cdj412fs4_bq2m9x52g0c0000gp/T/Alfresco/Alfresco-H2Dialect-Validation-Pre-Upgrade-act_-6880498202792876973.txt
2018-01-16 15:07:57,891 INFO  [org.alfresco.repo.domain.schema.SchemaBootstrap] [localhost-startStop-1] Normalized schema dumped to file /var/folders/9l/xf0cdj412fs4_bq2m9x52g0c0000gp/T/Alfresco/Alfresco-schema-H2Dialect-pre-upgrade-alf_-547104860962237331.xml.
2018-01-16 15:07:57,891 INFO  [org.alfresco.repo.domain.schema.SchemaBootstrap] [localhost-startStop-1] Normalized schema dumped to file /var/folders/9l/xf0cdj412fs4_bq2m9x52g0c0000gp/T/Alfresco/Alfresco-schema-H2Dialect-pre-upgrade-act_-4759369400940819555.xml.
2018-01-16 15:07:57,893 INFO  [org.alfresco.repo.domain.schema.SchemaBootstrap] [localhost-startStop-1] Executing database script /var/folders/9l/xf0cdj412fs4_bq2m9x52g0c0000gp/T/Alfresco/AlfrescoSchema-H2Dialect-Update-8936868356579557173.sql (Copied from classpath:alfresco/dbscripts/create/org.hibernate.dialect.H2Dialect/AlfrescoCreate-RepoTables.sql).
2018-01-16 15:07:57,966 INFO  [org.alfresco.repo.domain.schema.SchemaBootstrap] [localhost-startStop-1] Executing database script /var/folders/9l/xf0cdj412fs4_bq2m9x52g0c0000gp/T/Alfresco/AlfrescoSchema-H2Dialect-Update-1763031661216378816.sql (Copied from classpath:alfresco/dbscripts/create/org.hibernate.dialect.H2Dialect/AlfrescoCreate-LockTables.sql).
2018-01-16 15:07:57,974 INFO  [org.alfresco.repo.domain.schema.SchemaBootstrap] [localhost-startStop-1] Executing database script /var/folders/9l/xf0cdj412fs4_bq2m9x52g0c0000gp/T/Alfresco/AlfrescoSchema-H2Dialect-Update-381180161652228200.sql (Copied from classpath:alfresco/dbscripts/create/org.hibernate.dialect.H2Dialect/AlfrescoCreate-ContentTables.sql).
2018-01-16 15:07:57,986 INFO  [org.alfresco.repo.domain.schema.SchemaBootstrap] [localhost-startStop-1] Executing database script /var/folders/9l/xf0cdj412fs4_bq2m9x52g0c0000gp/T/Alfresco/AlfrescoSchema-H2Dialect-Update-4598579385526138945.sql (Copied from classpath:alfresco/dbscripts/create/org.hibernate.dialect.H2Dialect/AlfrescoCreate-PropertyValueTables.sql).
2018-01-16 15:07:58,003 INFO  [org.alfresco.repo.domain.schema.SchemaBootstrap] [localhost-startStop-1] Executing database script /var/folders/9l/xf0cdj412fs4_bq2m9x52g0c0000gp/T/Alfresco/AlfrescoSchema-H2Dialect-Update-2991087455813471835.sql (Copied from classpath:alfresco/dbscripts/create/org.hibernate.dialect.H2Dialect/AlfrescoCreate-ContentUrlEncryptionTables.sql).
2018-01-16 15:07:58,009 INFO  [org.alfresco.repo.domain.schema.SchemaBootstrap] [localhost-startStop-1] Executing database script /var/folders/9l/xf0cdj412fs4_bq2m9x52g0c0000gp/T/Alfresco/AlfrescoSchema-H2Dialect-Update-588897205563676237.sql (Copied from classpath:alfresco/dbscripts/create/org.hibernate.dialect.H2Dialect/AlfrescoCreate-AuditTables.sql).
2018-01-16 15:07:58,018 INFO  [org.alfresco.repo.domain.schema.SchemaBootstrap] [localhost-startStop-1] Executing database script /var/folders/9l/xf0cdj412fs4_bq2m9x52g0c0000gp/T/Alfresco/AlfrescoSchema-H2Dialect-Update-4963348196940630554.sql (Copied from classpath:alfresco/dbscripts/create/org.hibernate.dialect.H2Dialect/AlfrescoCreate-ActivityTables.sql).
2018-01-16 15:07:58,023 INFO  [org.alfresco.repo.domain.schema.SchemaBootstrap] [localhost-startStop-1] Executing database script /var/folders/9l/xf0cdj412fs4_bq2m9x52g0c0000gp/T/Alfresco/AlfrescoSchema-H2Dialect-Update-5069057228364793074.sql (Copied from classpath:alfresco/dbscripts/create/org.hibernate.dialect.H2Dialect/AlfrescoCreate-UsageTables.sql).
2018-01-16 15:07:58,026 INFO  [org.alfresco.repo.domain.schema.SchemaBootstrap] [localhost-startStop-1] Executing database script /var/folders/9l/xf0cdj412fs4_bq2m9x52g0c0000gp/T/Alfresco/AlfrescoSchema-H2Dialect-Update-7857137411631578588.sql (Copied from classpath:alfresco/dbscripts/create/org.hibernate.dialect.H2Dialect/AlfrescoCreate-SubscriptionTables.sql).
2018-01-16 15:07:58,030 INFO  [org.alfresco.repo.domain.schema.SchemaBootstrap] [localhost-startStop-1] Executing database script /var/folders/9l/xf0cdj412fs4_bq2m9x52g0c0000gp/T/Alfresco/AlfrescoSchema-H2Dialect-Update-3569555768365416649.sql (Copied from classpath:alfresco/dbscripts/create/org.hibernate.dialect.H2Dialect/AlfrescoCreate-TenantTables.sql).
2018-01-16 15:07:58,032 INFO  [org.alfresco.repo.domain.schema.SchemaBootstrap] [localhost-startStop-1] Executing database script /var/folders/9l/xf0cdj412fs4_bq2m9x52g0c0000gp/T/Alfresco/AlfrescoSchema-H2Dialect-Update-4175886019314501332.sql (Copied from classpath:alfresco/dbscripts/create/org.hibernate.dialect.H2Dialect/AlfrescoCreate-AuthorizationTables.sql).
2018-01-16 15:07:58,037 INFO  [org.alfresco.repo.domain.schema.SchemaBootstrap] [localhost-startStop-1] Create scripts executed in 239 ms
2018-01-16 15:07:58,311 INFO  [org.alfresco.repo.domain.schema.SchemaBootstrap] [localhost-startStop-1] All executed statements:  /var/folders/9l/xf0cdj412fs4_bq2m9x52g0c0000gp/T/Alfresco/AlfrescoSchema-H2Dialect-All_Statements-5554098764498084184.sql.
2018-01-16 15:07:58,565 WARN  [org.alfresco.repo.domain.schema.SchemaBootstrap] [localhost-startStop-1] Schema validation found 754 potential problems, results written to: /var/folders/9l/xf0cdj412fs4_bq2m9x52g0c0000gp/T/Alfresco/Alfresco-H2Dialect-Validation-Post-Upgrade-alf_-1640800255366529180.txt
2018-01-16 15:07:58,656 WARN  [org.alfresco.repo.domain.schema.SchemaBootstrap] [localhost-startStop-1] Schema validation found 275 potential problems, results written to: /var/folders/9l/xf0cdj412fs4_bq2m9x52g0c0000gp/T/Alfresco/Alfresco-H2Dialect-Validation-Post-Upgrade-act_-7229220796794267006.txt
2018-01-16 15:07:58,840 INFO  [org.alfresco.repo.domain.schema.SchemaBootstrap] [localhost-startStop-1] Normalized schema dumped to file /var/folders/9l/xf0cdj412fs4_bq2m9x52g0c0000gp/T/Alfresco/Alfresco-schema-H2Dialect-post-upgrade-alf_-6515785150824029920.xml.
2018-01-16 15:07:58,840 INFO  [org.alfresco.repo.domain.schema.SchemaBootstrap] [localhost-startStop-1] Normalized schema dumped to file /var/folders/9l/xf0cdj412fs4_bq2m9x52g0c0000gp/T/Alfresco/Alfresco-schema-H2Dialect-post-upgrade-act_-5038765041865550832.xml.
2018-01-16 15:07:58,987 INFO  [org.alfresco.repo.management.subsystems.ChildApplicationContextFactory] [localhost-startStop-1] Starting 'Search' subsystem, ID: [Search, managed, solr4]
2018-01-16 15:07:59,193 INFO  [org.alfresco.repo.management.subsystems.ChildApplicationContextFactory] [localhost-startStop-1] Startup of 'Search' subsystem, ID: [Search, managed, solr4] complete
2018-01-16 15:08:06,376 INFO  [org.alfresco.repo.management.subsystems.ChildApplicationContextFactory] [localhost-startStop-1] Starting 'thirdparty' subsystem, ID: [thirdparty, default]
2018-01-16 15:08:06,420 ERROR [org.alfresco.repo.content.transform.magick.AbstractImageMagickContentTransformerWorker] [localhost-startStop-1] ImageMagickContentTransformerWorker not available: 00160032 Failed to perform ImageMagick transformation: 
Execution result: 
   os:         Mac OS X
   command:    ./ImageMagick/bin/convert /var/folders/9l/xf0cdj412fs4_bq2m9x52g0c0000gp/T/Alfresco/ImageMagickContentTransformerWorker_init_source_259873355507108706.gif -strip /var/folders/9l/xf0cdj412fs4_bq2m9x52g0c0000gp/T/Alfresco/ImageMagickContentTransformerWorker_init_target_1588267412869455625.png
   succeeded:  false
   exit code:  1
   out:        
   err:        Cannot run program "./ImageMagick/bin/convert": error=2, No such file or directory
2018-01-16 15:08:06,421 INFO  [org.alfresco.repo.management.subsystems.ChildApplicationContextFactory] [localhost-startStop-1] Startup of 'thirdparty' subsystem, ID: [thirdparty, default] complete
2018-01-16 15:08:06,421 INFO  [org.alfresco.repo.management.subsystems.ChildApplicationContextFactory] [localhost-startStop-1] Starting 'OOoDirect' subsystem, ID: [OOoDirect, default]
2018-01-16 15:08:06,599 ERROR [org.alfresco.util.exec.RuntimeExecBootstrapBean] [localhost-startStop-1] Bootstrap command failed: 
Execution result: 
   os:         Mac OS X
   command:    soffice -accept=socket,host=127.0.0.1,port=8100;urp;StarOffice.ServiceManager -env:UserInstallation=file:///opt/src/share-site-space-templates/share-site-space-templates-repo/alf_data_dev/oouser -headless -nocrashreport -nofirststartwizard -nologo -norestore
   succeeded:  false
   exit code:  2
   out:        
   err:        Cannot run program "soffice": error=2, No such file or directory
2018-01-16 15:08:06,626 WARN  [org.alfresco.util.OpenOfficeConnectionTester] [localhost-startStop-1] An initial OpenOffice connection could not be established.
2018-01-16 15:08:06,627 INFO  [org.alfresco.repo.management.subsystems.ChildApplicationContextFactory] [localhost-startStop-1] Startup of 'OOoDirect' subsystem, ID: [OOoDirect, default] complete
2018-01-16 15:08:06,628 INFO  [org.alfresco.repo.admin.ConfigurationChecker] [localhost-startStop-1] The root data directory ('dir.root') is: /opt/src/share-site-space-templates/share-site-space-templates-repo/alf_data_dev
2018-01-16 15:08:06,634 INFO  [org.alfresco.repo.admin.patch.PatchExecuter] [localhost-startStop-1] Checking for patches to apply ...
2018-01-16 15:08:06,676 WARN  [org.alfresco.repo.admin.patch.PatchExecuter] [localhost-startStop-1] Patch description is not available: Patch[ id=patch.contentFormFolderType, description=patch.contentFormFolderType.description, fixesFromSchema=0, fixesToSchema=36, targetSchema=37, ignored=false]
2018-01-16 15:08:06,686 WARN  [org.alfresco.repo.admin.patch.PatchExecuter] [localhost-startStop-1] Patch description is not available: Patch[ id=patch.redeploySubmitProcess, description=patch.redeploySubmitProcess.description, fixesFromSchema=0, fixesToSchema=57, targetSchema=58, ignored=false]
2018-01-16 15:08:06,805 INFO  [org.alfresco.repo.admin.patch.PatchExecuter] [localhost-startStop-1] 	Applying patch 'share-site-space-templates-repo.folderBootstrap' (Bootstraps the Site Folder Templates folder).
2018-01-16 15:08:06,822 INFO  [org.alfresco.repo.admin.patch.PatchExecuter] [localhost-startStop-1] 	Applying patch 'patch.exampleJavaScript' (Loads sample Javascript file into datadictionary scripts folder).
2018-01-16 15:08:06,837 INFO  [org.alfresco.repo.admin.patch.PatchExecuter] [localhost-startStop-1] 	Applying patch 'patch.siteLoadPatch.swsdp' (Loads a sample site into the repository.).
2018-01-16 15:08:06,866 INFO  [org.alfresco.repo.management.subsystems.ChildApplicationContextFactory] [localhost-startStop-1] Starting 'sysAdmin' subsystem, ID: [sysAdmin, default]
2018-01-16 15:08:06,892 INFO  [org.alfresco.repo.management.subsystems.ChildApplicationContextFactory] [localhost-startStop-1] Startup of 'sysAdmin' subsystem, ID: [sysAdmin, default] complete
2018-01-16 15:08:08,854 INFO  [org.alfresco.repo.admin.patch.PatchExecuter] [localhost-startStop-1] 
=== Applied patch                 === 
ID: patch.db-V3.4-UsageTables
RESULT: 
Script completed
=====================================
2018-01-16 15:08:08,854 INFO  [org.alfresco.repo.admin.patch.PatchExecuter] [localhost-startStop-1] 
=== Applied patch                 === 
ID: patch.db-V4.0-TenantTables
RESULT: 
Script completed
=====================================
2018-01-16 15:08:08,854 INFO  [org.alfresco.repo.admin.patch.PatchExecuter] [localhost-startStop-1] 
=== Applied patch                 === 
ID: patch.db-V4.1-AuthorizationTables
RESULT: 
Script completed
=====================================
2018-01-16 15:08:08,855 INFO  [org.alfresco.repo.admin.patch.PatchExecuter] [localhost-startStop-1] 
=== Applied patch                 === 
ID: patch.db-V5.0-ContentUrlEncryptionTables
RESULT: 
Script completed
=====================================
2018-01-16 15:08:08,855 INFO  [org.alfresco.repo.admin.patch.PatchExecuter] [localhost-startStop-1] 
=== Applied patch                 === 
ID: share-site-space-templates-repo.folderBootstrap
RESULT: 
Imported view into bootstrap location: /app:company_home/app:dictionary (workspace://SpacesStore/ba7d065a-2c93-4b2e-b2b7-7d00a7e198c3)
=====================================
2018-01-16 15:08:08,855 INFO  [org.alfresco.repo.admin.patch.PatchExecuter] [localhost-startStop-1] 
=== Applied patch                 === 
ID: patch.exampleJavaScript
RESULT: 
Imported view into bootstrap location: /app:company_home/app:dictionary/app:scripts (workspace://SpacesStore/ba7d065a-2c93-4b2e-b2b7-7d00a7e198c3)
=====================================
2018-01-16 15:08:08,855 INFO  [org.alfresco.repo.admin.patch.PatchExecuter] [localhost-startStop-1] 
=== Applied patch                 === 
ID: patch.siteLoadPatch.swsdp
RESULT: 
Site swsdp imported.
=====================================
2018-01-16 15:08:08,880 INFO  [org.alfresco.repo.module.ModuleServiceImpl] [localhost-startStop-1] Found 3 module package(s).
2018-01-16 15:08:08,890 INFO  [org.alfresco.repo.module.ModuleServiceImpl] [localhost-startStop-1] Installing module 'share-site-space-templates-repo' version 1.1.4-SNAPSHOT.
2018-01-16 15:08:08,898 INFO  [org.alfresco.repo.module.ModuleServiceImpl] [localhost-startStop-1] Installing module 'alfresco-share-services' version 5.2.0.
2018-01-16 15:08:08,906 INFO  [org.alfresco.repo.module.ModuleServiceImpl] [localhost-startStop-1] Installing module 'alfresco-trashcan-cleaner' version 2.2.
2018-01-16 15:08:08,913 INFO  [org.alfresco.repo.management.subsystems.ChildApplicationContextFactory] [localhost-startStop-1] Starting 'fileServers' subsystem, ID: [fileServers, default]
2018-01-16 15:08:09,220 INFO  [org.alfresco.repo.management.subsystems.ChildApplicationContextFactory] [localhost-startStop-1] Startup of 'fileServers' subsystem, ID: [fileServers, default] complete
2018-01-16 15:08:09,220 INFO  [org.alfresco.repo.management.subsystems.ChildApplicationContextFactory] [localhost-startStop-1] Starting 'imap' subsystem, ID: [imap, default]
2018-01-16 15:08:09,297 INFO  [org.alfresco.repo.management.subsystems.ChildApplicationContextFactory] [localhost-startStop-1] Startup of 'imap' subsystem, ID: [imap, default] complete
2018-01-16 15:08:09,297 INFO  [org.alfresco.repo.management.subsystems.ChildApplicationContextFactory] [localhost-startStop-1] Starting 'email' subsystem, ID: [email, outbound]
2018-01-16 15:08:09,368 INFO  [org.alfresco.repo.management.subsystems.ChildApplicationContextFactory] [localhost-startStop-1] Startup of 'email' subsystem, ID: [email, outbound] complete
2018-01-16 15:08:09,369 INFO  [org.alfresco.repo.management.subsystems.ChildApplicationContextFactory] [localhost-startStop-1] Starting 'email' subsystem, ID: [email, inbound]
2018-01-16 15:08:09,426 INFO  [org.alfresco.repo.management.subsystems.ChildApplicationContextFactory] [localhost-startStop-1] Startup of 'email' subsystem, ID: [email, inbound] complete
2018-01-16 15:08:09,426 INFO  [org.alfresco.repo.management.subsystems.ChildApplicationContextFactory] [localhost-startStop-1] Starting 'Subscriptions' subsystem, ID: [Subscriptions, default]
2018-01-16 15:08:09,446 INFO  [org.alfresco.repo.management.subsystems.ChildApplicationContextFactory] [localhost-startStop-1] Startup of 'Subscriptions' subsystem, ID: [Subscriptions, default] complete
2018-01-16 15:08:09,452 INFO  [org.alfresco.repo.management.subsystems.ChildApplicationContextFactory] [localhost-startStop-1] Starting 'Synchronization' subsystem, ID: [Synchronization, default]
2018-01-16 15:08:09,500 INFO  [org.alfresco.repo.management.subsystems.ChildApplicationContextFactory] [localhost-startStop-1] Startup of 'Synchronization' subsystem, ID: [Synchronization, default] complete
2018-01-16 15:08:09,509 INFO  [org.alfresco.service.descriptor.DescriptorService] [localhost-startStop-1] Alfresco JVM - v1.8.0_77-b03; maximum heap size 910.500MB
2018-01-16 15:08:09,509 INFO  [org.alfresco.service.descriptor.DescriptorService] [localhost-startStop-1] Server Mode :UNKNOWN
2018-01-16 15:08:09,511 INFO  [org.alfresco.service.descriptor.DescriptorService] [localhost-startStop-1] Alfresco Content Services started (Community). Current version: 5.2.0 (r134428-b13) schema 10,005. Originally installed version: 5.2.0 (r134428-b13) schema 10,005.
2018-01-16 15:08:09,517 INFO  [org.alfresco.repo.management.subsystems.ChildApplicationContextFactory] [localhost-startStop-1] Starting 'ActivitiesFeed' subsystem, ID: [ActivitiesFeed, default]
2018-01-16 15:08:09,695 INFO  [org.alfresco.repo.management.subsystems.ChildApplicationContextFactory] [localhost-startStop-1] Startup of 'ActivitiesFeed' subsystem, ID: [ActivitiesFeed, default] complete
2018-01-16 15:08:09,696 INFO  [org.alfresco.repo.management.subsystems.ChildApplicationContextFactory] [localhost-startStop-1] Starting 'Replication' subsystem, ID: [Replication, default]
2018-01-16 15:08:09,714 INFO  [org.alfresco.repo.management.subsystems.ChildApplicationContextFactory] [localhost-startStop-1] Startup of 'Replication' subsystem, ID: [Replication, default] complete
2018-01-16 15:08:13,083 INFO  [org.springframework.extensions.webscripts.DeclarativeRegistry] [asynchronouslyRefreshedCacheThreadPool1] Registered 399 Web Scripts (+0 failed), 548 URLs
2018-01-16 15:08:13,085 INFO  [org.springframework.extensions.webscripts.DeclarativeRegistry] [asynchronouslyRefreshedCacheThreadPool1] Registered 1 Package Description Documents (+0 failed) 
2018-01-16 15:08:13,085 INFO  [org.springframework.extensions.webscripts.DeclarativeRegistry] [asynchronouslyRefreshedCacheThreadPool1] Registered 0 Schema Description Documents (+0 failed) 
2018-01-16 15:08:14,586 INFO  [org.springframework.extensions.webscripts.DeclarativeRegistry] [localhost-startStop-1] Registered 399 Web Scripts (+0 failed), 548 URLs
2018-01-16 15:08:14,586 INFO  [org.springframework.extensions.webscripts.DeclarativeRegistry] [localhost-startStop-1] Registered 1 Package Description Documents (+0 failed) 
2018-01-16 15:08:14,586 INFO  [org.springframework.extensions.webscripts.DeclarativeRegistry] [localhost-startStop-1] Registered 0 Schema Description Documents (+0 failed) 
2018-01-16 15:08:14,592 INFO  [org.springframework.extensions.webscripts.AbstractRuntimeContainer] [localhost-startStop-1] Initialised Repository Web Script Container (in 4082.6365ms)
2018-01-16 15:08:14,604 INFO  [org.springframework.extensions.webscripts.TemplateProcessorRegistry] [localhost-startStop-1] Registered template processor freemarker for extension ftl
2018-01-16 15:08:14,606 INFO  [org.springframework.extensions.webscripts.ScriptProcessorRegistry] [localhost-startStop-1] Registered script processor javascript for extension js
2018-01-16 15:08:16,022 INFO  [org.springframework.extensions.webscripts.DeclarativeRegistry] [asynchronouslyRefreshedCacheThreadPool1] Registered 399 Web Scripts (+0 failed), 548 URLs
2018-01-16 15:08:16,022 INFO  [org.springframework.extensions.webscripts.DeclarativeRegistry] [asynchronouslyRefreshedCacheThreadPool1] Registered 1 Package Description Documents (+0 failed) 
2018-01-16 15:08:16,022 INFO  [org.springframework.extensions.webscripts.DeclarativeRegistry] [asynchronouslyRefreshedCacheThreadPool1] Registered 0 Schema Description Documents (+0 failed) 
2018-01-16 15:08:16,098 INFO  [org.springframework.extensions.webscripts.DeclarativeRegistry] [asynchronouslyRefreshedCacheThreadPool1] Registered 13 Web Scripts (+0 failed), 102 URLs
2018-01-16 15:08:16,098 INFO  [org.springframework.extensions.webscripts.DeclarativeRegistry] [asynchronouslyRefreshedCacheThreadPool1] Registered 0 Package Description Documents (+0 failed) 
2018-01-16 15:08:16,098 INFO  [org.springframework.extensions.webscripts.DeclarativeRegistry] [asynchronouslyRefreshedCacheThreadPool1] Registered 0 Schema Description Documents (+0 failed) 
2018-01-16 15:08:16,237 INFO  [org.springframework.extensions.webscripts.DeclarativeRegistry] [localhost-startStop-1] Registered 13 Web Scripts (+0 failed), 102 URLs
2018-01-16 15:08:16,237 INFO  [org.springframework.extensions.webscripts.DeclarativeRegistry] [localhost-startStop-1] Registered 0 Package Description Documents (+0 failed) 
2018-01-16 15:08:16,237 INFO  [org.springframework.extensions.webscripts.DeclarativeRegistry] [localhost-startStop-1] Registered 0 Schema Description Documents (+0 failed) 
2018-01-16 15:08:16,242 INFO  [org.springframework.extensions.webscripts.AbstractRuntimeContainer] [localhost-startStop-1] Initialised Public Api Web Script Container (in 1592.8547ms)
2018-01-16 15:08:16,278 INFO  [org.springframework.extensions.webscripts.DeclarativeRegistry] [asynchronouslyRefreshedCacheThreadPool1] Registered 13 Web Scripts (+0 failed), 102 URLs
2018-01-16 15:08:16,278 INFO  [org.springframework.extensions.webscripts.DeclarativeRegistry] [asynchronouslyRefreshedCacheThreadPool1] Registered 0 Package Description Documents (+0 failed) 
2018-01-16 15:08:16,278 INFO  [org.springframework.extensions.webscripts.DeclarativeRegistry] [asynchronouslyRefreshedCacheThreadPool1] Registered 0 Schema Description Documents (+0 failed) 
2018-01-16 15:09:49,950 INFO  [org.alfresco.repo.admin] [localhost-startStop-1] Using database URL 'jdbc:h2:/opt/src/share-site-space-templates/share-site-space-templates-repo/alf_data_dev/h2_data/alf_dev;AUTO_SERVER=TRUE;DB_CLOSE_ON_EXIT=FALSE;LOCK_TIMEOUT=10000;MVCC=FALSE;LOCK_MODE=0' with user 'alfresco'.
2018-01-16 15:09:49,952 INFO  [org.alfresco.repo.admin] [localhost-startStop-1] Connected to database H2 version 1.4.190 (2015-10-11)
2018-01-16 15:09:53,752 INFO  [org.alfresco.repo.domain.schema.SchemaBootstrap] [localhost-startStop-1] Ignoring script patch (post-Hibernate): patch.db-V4.2-metadata-query-indexes
2018-01-16 15:09:53,753 INFO  [org.alfresco.repo.domain.schema.SchemaBootstrap] [localhost-startStop-1] Ignoring script patch (post-Hibernate): patch.db-V5.1-metadata-query-indexes
2018-01-16 15:09:53,753 INFO  [org.alfresco.repo.domain.schema.SchemaBootstrap] [localhost-startStop-1] Ignoring script patch (post-Hibernate): patch.db-V5.2-remove-jbpm-tables-from-db
2018-01-16 15:09:59,018 INFO  [org.alfresco.repo.management.subsystems.ChildApplicationContextFactory] [localhost-startStop-1] Starting 'Authentication' subsystem, ID: [Authentication, managed, alfrescoNtlm1]
2018-01-16 15:09:59,180 INFO  [org.alfresco.repo.management.subsystems.ChildApplicationContextFactory] [localhost-startStop-1] Startup of 'Authentication' subsystem, ID: [Authentication, managed, alfrescoNtlm1] complete
2018-01-16 15:10:01,574 INFO  [org.springframework.extensions.webscripts.TemplateProcessorRegistry] [localhost-startStop-1] Registered template processor Repository Template Processor for extension ftl
2018-01-16 15:10:01,577 INFO  [org.springframework.extensions.webscripts.ScriptProcessorRegistry] [localhost-startStop-1] Registered script processor Repository Script Processor for extension js
2018-01-16 15:10:03,658 INFO  [org.alfresco.repo.management.subsystems.ChildApplicationContextFactory] [localhost-startStop-1] Starting 'ContentStore' subsystem, ID: [ContentStore, managed, unencrypted]
2018-01-16 15:10:03,688 INFO  [org.alfresco.repo.management.subsystems.ChildApplicationContextFactory] [localhost-startStop-1] Startup of 'ContentStore' subsystem, ID: [ContentStore, managed, unencrypted] complete
2018-01-16 15:10:03,736 INFO  [org.alfresco.repo.domain.schema.SchemaBootstrap] [localhost-startStop-1] Connecting to database: jdbc:h2:/opt/src/share-site-space-templates/share-site-space-templates-repo/alf_data_dev/h2_data/alf_dev, UserName=ALFRESCO, H2 JDBC Driver
2018-01-16 15:10:03,736 INFO  [org.alfresco.repo.domain.schema.SchemaBootstrap] [localhost-startStop-1] Schema managed by database dialect org.hibernate.dialect.H2Dialect.
2018-01-16 15:10:03,811 INFO  [org.alfresco.repo.domain.schema.SchemaBootstrap] [localhost-startStop-1] No changes were made to the schema.
2018-01-16 15:10:04,452 INFO  [org.alfresco.repo.management.subsystems.ChildApplicationContextFactory] [localhost-startStop-1] Starting 'thirdparty' subsystem, ID: [thirdparty, default]
2018-01-16 15:10:04,508 ERROR [org.alfresco.repo.content.transform.magick.AbstractImageMagickContentTransformerWorker] [localhost-startStop-1] ImageMagickContentTransformerWorker not available: 00160016 Failed to perform ImageMagick transformation: 
Execution result: 
   os:         Mac OS X
   command:    ./ImageMagick/bin/convert /var/folders/9l/xf0cdj412fs4_bq2m9x52g0c0000gp/T/Alfresco/ImageMagickContentTransformerWorker_init_source_5236579755194585363.gif -strip /var/folders/9l/xf0cdj412fs4_bq2m9x52g0c0000gp/T/Alfresco/ImageMagickContentTransformerWorker_init_target_3474000052613135928.png
   succeeded:  false
   exit code:  1
   out:        
   err:        Cannot run program "./ImageMagick/bin/convert": error=2, No such file or directory
2018-01-16 15:10:04,508 INFO  [org.alfresco.repo.management.subsystems.ChildApplicationContextFactory] [localhost-startStop-1] Startup of 'thirdparty' subsystem, ID: [thirdparty, default] complete
2018-01-16 15:10:04,508 INFO  [org.alfresco.repo.management.subsystems.ChildApplicationContextFactory] [localhost-startStop-1] Starting 'OOoDirect' subsystem, ID: [OOoDirect, default]
2018-01-16 15:10:04,727 ERROR [org.alfresco.util.exec.RuntimeExecBootstrapBean] [localhost-startStop-1] Bootstrap command failed: 
Execution result: 
   os:         Mac OS X
   command:    soffice -accept=socket,host=127.0.0.1,port=8100;urp;StarOffice.ServiceManager -env:UserInstallation=file:///opt/src/share-site-space-templates/share-site-space-templates-repo/alf_data_dev/oouser -headless -nocrashreport -nofirststartwizard -nologo -norestore
   succeeded:  false
   exit code:  2
   out:        
   err:        Cannot run program "soffice": error=2, No such file or directory
2018-01-16 15:10:04,757 WARN  [org.alfresco.util.OpenOfficeConnectionTester] [localhost-startStop-1] An initial OpenOffice connection could not be established.
2018-01-16 15:10:04,759 INFO  [org.alfresco.repo.management.subsystems.ChildApplicationContextFactory] [localhost-startStop-1] Startup of 'OOoDirect' subsystem, ID: [OOoDirect, default] complete
2018-01-16 15:10:04,760 INFO  [org.alfresco.repo.admin.ConfigurationChecker] [localhost-startStop-1] The root data directory ('dir.root') is: /opt/src/share-site-space-templates/share-site-space-templates-repo/alf_data_dev
2018-01-16 15:10:04,761 INFO  [org.alfresco.repo.management.subsystems.ChildApplicationContextFactory] [localhost-startStop-1] Starting 'Search' subsystem, ID: [Search, managed, solr4]
2018-01-16 15:10:04,966 INFO  [org.alfresco.repo.management.subsystems.ChildApplicationContextFactory] [localhost-startStop-1] Startup of 'Search' subsystem, ID: [Search, managed, solr4] complete
2018-01-16 15:10:04,979 INFO  [org.alfresco.repo.admin.patch.PatchExecuter] [localhost-startStop-1] Checking for patches to apply ...
2018-01-16 15:10:05,165 INFO  [org.alfresco.repo.admin.patch.PatchExecuter] [localhost-startStop-1] No patches were required.
2018-01-16 15:10:05,192 INFO  [org.alfresco.repo.module.ModuleServiceImpl] [localhost-startStop-1] Found 3 module package(s).
2018-01-16 15:10:05,213 INFO  [org.alfresco.repo.module.ModuleServiceImpl] [localhost-startStop-1] Starting module 'share-site-space-templates-repo' version 1.1.4-SNAPSHOT.
2018-01-16 15:10:05,225 INFO  [org.alfresco.repo.module.ModuleServiceImpl] [localhost-startStop-1] Starting module 'alfresco-share-services' version 5.2.0.
2018-01-16 15:10:05,236 INFO  [org.alfresco.repo.module.ModuleServiceImpl] [localhost-startStop-1] Starting module 'alfresco-trashcan-cleaner' version 2.2.
2018-01-16 15:10:05,242 INFO  [org.alfresco.repo.management.subsystems.ChildApplicationContextFactory] [localhost-startStop-1] Starting 'fileServers' subsystem, ID: [fileServers, default]
2018-01-16 15:10:05,509 INFO  [org.alfresco.repo.management.subsystems.ChildApplicationContextFactory] [localhost-startStop-1] Starting 'sysAdmin' subsystem, ID: [sysAdmin, default]
2018-01-16 15:10:05,531 INFO  [org.alfresco.repo.management.subsystems.ChildApplicationContextFactory] [localhost-startStop-1] Startup of 'sysAdmin' subsystem, ID: [sysAdmin, default] complete
2018-01-16 15:10:05,546 INFO  [org.alfresco.repo.management.subsystems.ChildApplicationContextFactory] [localhost-startStop-1] Startup of 'fileServers' subsystem, ID: [fileServers, default] complete
2018-01-16 15:10:05,546 INFO  [org.alfresco.repo.management.subsystems.ChildApplicationContextFactory] [localhost-startStop-1] Starting 'imap' subsystem, ID: [imap, default]
2018-01-16 15:10:05,636 INFO  [org.alfresco.repo.management.subsystems.ChildApplicationContextFactory] [localhost-startStop-1] Startup of 'imap' subsystem, ID: [imap, default] complete
2018-01-16 15:10:05,636 INFO  [org.alfresco.repo.management.subsystems.ChildApplicationContextFactory] [localhost-startStop-1] Starting 'email' subsystem, ID: [email, outbound]
2018-01-16 15:10:05,952 INFO  [org.alfresco.repo.management.subsystems.ChildApplicationContextFactory] [localhost-startStop-1] Startup of 'email' subsystem, ID: [email, outbound] complete
2018-01-16 15:10:05,952 INFO  [org.alfresco.repo.management.subsystems.ChildApplicationContextFactory] [localhost-startStop-1] Starting 'email' subsystem, ID: [email, inbound]
2018-01-16 15:10:06,006 INFO  [org.alfresco.repo.management.subsystems.ChildApplicationContextFactory] [localhost-startStop-1] Startup of 'email' subsystem, ID: [email, inbound] complete
2018-01-16 15:10:06,007 INFO  [org.alfresco.repo.management.subsystems.ChildApplicationContextFactory] [localhost-startStop-1] Starting 'Subscriptions' subsystem, ID: [Subscriptions, default]
2018-01-16 15:10:06,026 INFO  [org.alfresco.repo.management.subsystems.ChildApplicationContextFactory] [localhost-startStop-1] Startup of 'Subscriptions' subsystem, ID: [Subscriptions, default] complete
2018-01-16 15:10:06,043 INFO  [org.alfresco.repo.management.subsystems.ChildApplicationContextFactory] [localhost-startStop-1] Starting 'Synchronization' subsystem, ID: [Synchronization, default]
2018-01-16 15:10:06,131 INFO  [org.alfresco.repo.management.subsystems.ChildApplicationContextFactory] [localhost-startStop-1] Startup of 'Synchronization' subsystem, ID: [Synchronization, default] complete
2018-01-16 15:10:06,147 INFO  [org.alfresco.service.descriptor.DescriptorService] [localhost-startStop-1] Alfresco JVM - v1.8.0_77-b03; maximum heap size 910.500MB
2018-01-16 15:10:06,147 INFO  [org.alfresco.service.descriptor.DescriptorService] [localhost-startStop-1] Server Mode :UNKNOWN
2018-01-16 15:10:06,152 INFO  [org.alfresco.service.descriptor.DescriptorService] [localhost-startStop-1] Alfresco Content Services started (Community). Current version: 5.2.0 (r134428-b13) schema 10,005. Originally installed version: 5.2.0 (r134428-b13) schema 10,005.
2018-01-16 15:10:06,160 INFO  [org.alfresco.repo.management.subsystems.ChildApplicationContextFactory] [localhost-startStop-1] Starting 'ActivitiesFeed' subsystem, ID: [ActivitiesFeed, default]
2018-01-16 15:10:06,349 INFO  [org.alfresco.repo.management.subsystems.ChildApplicationContextFactory] [localhost-startStop-1] Startup of 'ActivitiesFeed' subsystem, ID: [ActivitiesFeed, default] complete
2018-01-16 15:10:06,350 INFO  [org.alfresco.repo.management.subsystems.ChildApplicationContextFactory] [localhost-startStop-1] Starting 'Replication' subsystem, ID: [Replication, default]
2018-01-16 15:10:06,386 INFO  [org.alfresco.repo.management.subsystems.ChildApplicationContextFactory] [localhost-startStop-1] Startup of 'Replication' subsystem, ID: [Replication, default] complete
2018-01-16 15:10:10,558 INFO  [org.springframework.extensions.webscripts.DeclarativeRegistry] [asynchronouslyRefreshedCacheThreadPool1] Registered 399 Web Scripts (+0 failed), 548 URLs
2018-01-16 15:10:10,559 INFO  [org.springframework.extensions.webscripts.DeclarativeRegistry] [asynchronouslyRefreshedCacheThreadPool1] Registered 1 Package Description Documents (+0 failed) 
2018-01-16 15:10:10,559 INFO  [org.springframework.extensions.webscripts.DeclarativeRegistry] [asynchronouslyRefreshedCacheThreadPool1] Registered 0 Schema Description Documents (+0 failed) 
2018-01-16 15:10:12,303 INFO  [org.springframework.extensions.webscripts.DeclarativeRegistry] [localhost-startStop-1] Registered 399 Web Scripts (+0 failed), 548 URLs
2018-01-16 15:10:12,304 INFO  [org.springframework.extensions.webscripts.DeclarativeRegistry] [localhost-startStop-1] Registered 1 Package Description Documents (+0 failed) 
2018-01-16 15:10:12,304 INFO  [org.springframework.extensions.webscripts.DeclarativeRegistry] [localhost-startStop-1] Registered 0 Schema Description Documents (+0 failed) 
2018-01-16 15:10:12,309 INFO  [org.springframework.extensions.webscripts.AbstractRuntimeContainer] [localhost-startStop-1] Initialised Repository Web Script Container (in 4618.5776ms)
2018-01-16 15:10:12,327 INFO  [org.springframework.extensions.webscripts.TemplateProcessorRegistry] [localhost-startStop-1] Registered template processor freemarker for extension ftl
2018-01-16 15:10:12,329 INFO  [org.springframework.extensions.webscripts.ScriptProcessorRegistry] [localhost-startStop-1] Registered script processor javascript for extension js
2018-01-16 15:10:13,861 INFO  [org.springframework.extensions.webscripts.DeclarativeRegistry] [asynchronouslyRefreshedCacheThreadPool1] Registered 399 Web Scripts (+0 failed), 548 URLs
2018-01-16 15:10:13,861 INFO  [org.springframework.extensions.webscripts.DeclarativeRegistry] [asynchronouslyRefreshedCacheThreadPool1] Registered 1 Package Description Documents (+0 failed) 
2018-01-16 15:10:13,861 INFO  [org.springframework.extensions.webscripts.DeclarativeRegistry] [asynchronouslyRefreshedCacheThreadPool1] Registered 0 Schema Description Documents (+0 failed) 
2018-01-16 15:10:13,946 INFO  [org.springframework.extensions.webscripts.DeclarativeRegistry] [asynchronouslyRefreshedCacheThreadPool1] Registered 13 Web Scripts (+0 failed), 102 URLs
2018-01-16 15:10:13,946 INFO  [org.springframework.extensions.webscripts.DeclarativeRegistry] [asynchronouslyRefreshedCacheThreadPool1] Registered 0 Package Description Documents (+0 failed) 
2018-01-16 15:10:13,946 INFO  [org.springframework.extensions.webscripts.DeclarativeRegistry] [asynchronouslyRefreshedCacheThreadPool1] Registered 0 Schema Description Documents (+0 failed) 
2018-01-16 15:10:14,093 INFO  [org.springframework.extensions.webscripts.DeclarativeRegistry] [localhost-startStop-1] Registered 13 Web Scripts (+0 failed), 102 URLs
2018-01-16 15:10:14,093 INFO  [org.springframework.extensions.webscripts.DeclarativeRegistry] [localhost-startStop-1] Registered 0 Package Description Documents (+0 failed) 
2018-01-16 15:10:14,093 INFO  [org.springframework.extensions.webscripts.DeclarativeRegistry] [localhost-startStop-1] Registered 0 Schema Description Documents (+0 failed) 
2018-01-16 15:10:14,097 INFO  [org.springframework.extensions.webscripts.AbstractRuntimeContainer] [localhost-startStop-1] Initialised Public Api Web Script Container (in 1712.1605ms)
2018-01-16 15:10:14,137 INFO  [org.springframework.extensions.webscripts.DeclarativeRegistry] [asynchronouslyRefreshedCacheThreadPool1] Registered 13 Web Scripts (+0 failed), 102 URLs
2018-01-16 15:10:14,137 INFO  [org.springframework.extensions.webscripts.DeclarativeRegistry] [asynchronouslyRefreshedCacheThreadPool1] Registered 0 Package Description Documents (+0 failed) 
2018-01-16 15:10:14,137 INFO  [org.springframework.extensions.webscripts.DeclarativeRegistry] [asynchronouslyRefreshedCacheThreadPool1] Registered 0 Schema Description Documents (+0 failed) 
2018-01-16 15:18:04,018 INFO  [org.alfresco.repo.admin] [localhost-startStop-1] Using database URL 'jdbc:h2:/opt/src/share-site-space-templates/share-site-space-templates-repo/alf_data_dev/h2_data/alf_dev;AUTO_SERVER=TRUE;DB_CLOSE_ON_EXIT=FALSE;LOCK_TIMEOUT=10000;MVCC=FALSE;LOCK_MODE=0' with user 'alfresco'.
2018-01-16 15:18:04,019 INFO  [org.alfresco.repo.admin] [localhost-startStop-1] Connected to database H2 version 1.4.190 (2015-10-11)
2018-01-16 15:18:08,344 INFO  [org.alfresco.repo.domain.schema.SchemaBootstrap] [localhost-startStop-1] Ignoring script patch (post-Hibernate): patch.db-V4.2-metadata-query-indexes
2018-01-16 15:18:08,344 INFO  [org.alfresco.repo.domain.schema.SchemaBootstrap] [localhost-startStop-1] Ignoring script patch (post-Hibernate): patch.db-V5.1-metadata-query-indexes
2018-01-16 15:18:08,344 INFO  [org.alfresco.repo.domain.schema.SchemaBootstrap] [localhost-startStop-1] Ignoring script patch (post-Hibernate): patch.db-V5.2-remove-jbpm-tables-from-db
2018-01-16 15:18:14,158 INFO  [org.alfresco.repo.management.subsystems.ChildApplicationContextFactory] [localhost-startStop-1] Starting 'Authentication' subsystem, ID: [Authentication, managed, alfrescoNtlm1]
2018-01-16 15:18:14,321 INFO  [org.alfresco.repo.management.subsystems.ChildApplicationContextFactory] [localhost-startStop-1] Startup of 'Authentication' subsystem, ID: [Authentication, managed, alfrescoNtlm1] complete
2018-01-16 15:18:16,168 INFO  [org.springframework.extensions.webscripts.TemplateProcessorRegistry] [localhost-startStop-1] Registered template processor Repository Template Processor for extension ftl
2018-01-16 15:18:16,170 INFO  [org.springframework.extensions.webscripts.ScriptProcessorRegistry] [localhost-startStop-1] Registered script processor Repository Script Processor for extension js
2018-01-16 15:18:18,282 INFO  [org.alfresco.repo.management.subsystems.ChildApplicationContextFactory] [localhost-startStop-1] Starting 'ContentStore' subsystem, ID: [ContentStore, managed, unencrypted]
2018-01-16 15:18:18,315 INFO  [org.alfresco.repo.management.subsystems.ChildApplicationContextFactory] [localhost-startStop-1] Startup of 'ContentStore' subsystem, ID: [ContentStore, managed, unencrypted] complete
2018-01-16 15:18:18,364 INFO  [org.alfresco.repo.domain.schema.SchemaBootstrap] [localhost-startStop-1] Connecting to database: jdbc:h2:/opt/src/share-site-space-templates/share-site-space-templates-repo/alf_data_dev/h2_data/alf_dev, UserName=ALFRESCO, H2 JDBC Driver
2018-01-16 15:18:18,364 INFO  [org.alfresco.repo.domain.schema.SchemaBootstrap] [localhost-startStop-1] Schema managed by database dialect org.hibernate.dialect.H2Dialect.
2018-01-16 15:18:18,449 INFO  [org.alfresco.repo.domain.schema.SchemaBootstrap] [localhost-startStop-1] No changes were made to the schema.
2018-01-16 15:18:19,014 INFO  [org.alfresco.repo.management.subsystems.ChildApplicationContextFactory] [localhost-startStop-1] Starting 'thirdparty' subsystem, ID: [thirdparty, default]
2018-01-16 15:18:19,060 ERROR [org.alfresco.repo.content.transform.magick.AbstractImageMagickContentTransformerWorker] [localhost-startStop-1] ImageMagickContentTransformerWorker not available: 00160016 Failed to perform ImageMagick transformation: 
Execution result: 
   os:         Mac OS X
   command:    ./ImageMagick/bin/convert /var/folders/9l/xf0cdj412fs4_bq2m9x52g0c0000gp/T/Alfresco/ImageMagickContentTransformerWorker_init_source_9065710658321432425.gif -strip /var/folders/9l/xf0cdj412fs4_bq2m9x52g0c0000gp/T/Alfresco/ImageMagickContentTransformerWorker_init_target_4165905428052001014.png
   succeeded:  false
   exit code:  1
   out:        
   err:        Cannot run program "./ImageMagick/bin/convert": error=2, No such file or directory
2018-01-16 15:18:19,061 INFO  [org.alfresco.repo.management.subsystems.ChildApplicationContextFactory] [localhost-startStop-1] Startup of 'thirdparty' subsystem, ID: [thirdparty, default] complete
2018-01-16 15:18:19,061 INFO  [org.alfresco.repo.management.subsystems.ChildApplicationContextFactory] [localhost-startStop-1] Starting 'OOoDirect' subsystem, ID: [OOoDirect, default]
2018-01-16 15:18:19,245 ERROR [org.alfresco.util.exec.RuntimeExecBootstrapBean] [localhost-startStop-1] Bootstrap command failed: 
Execution result: 
   os:         Mac OS X
   command:    soffice -accept=socket,host=127.0.0.1,port=8100;urp;StarOffice.ServiceManager -env:UserInstallation=file:///opt/src/share-site-space-templates/share-site-space-templates-repo/alf_data_dev/oouser -headless -nocrashreport -nofirststartwizard -nologo -norestore
   succeeded:  false
   exit code:  2
   out:        
   err:        Cannot run program "soffice": error=2, No such file or directory
2018-01-16 15:18:19,272 WARN  [org.alfresco.util.OpenOfficeConnectionTester] [localhost-startStop-1] An initial OpenOffice connection could not be established.
2018-01-16 15:18:19,275 INFO  [org.alfresco.repo.management.subsystems.ChildApplicationContextFactory] [localhost-startStop-1] Startup of 'OOoDirect' subsystem, ID: [OOoDirect, default] complete
2018-01-16 15:18:19,276 INFO  [org.alfresco.repo.admin.ConfigurationChecker] [localhost-startStop-1] The root data directory ('dir.root') is: /opt/src/share-site-space-templates/share-site-space-templates-repo/alf_data_dev
2018-01-16 15:18:19,277 INFO  [org.alfresco.repo.management.subsystems.ChildApplicationContextFactory] [localhost-startStop-1] Starting 'Search' subsystem, ID: [Search, managed, solr4]
2018-01-16 15:18:19,482 INFO  [org.alfresco.repo.management.subsystems.ChildApplicationContextFactory] [localhost-startStop-1] Startup of 'Search' subsystem, ID: [Search, managed, solr4] complete
2018-01-16 15:18:19,497 INFO  [org.alfresco.repo.admin.patch.PatchExecuter] [localhost-startStop-1] Checking for patches to apply ...
2018-01-16 15:18:19,681 INFO  [org.alfresco.repo.admin.patch.PatchExecuter] [localhost-startStop-1] No patches were required.
2018-01-16 15:18:19,704 INFO  [org.alfresco.repo.module.ModuleServiceImpl] [localhost-startStop-1] Found 3 module package(s).
2018-01-16 15:18:19,725 INFO  [org.alfresco.repo.module.ModuleServiceImpl] [localhost-startStop-1] Starting module 'share-site-space-templates-repo' version 1.1.4-SNAPSHOT.
2018-01-16 15:18:19,736 INFO  [org.alfresco.repo.module.ModuleServiceImpl] [localhost-startStop-1] Starting module 'alfresco-share-services' version 5.2.0.
2018-01-16 15:18:19,747 INFO  [org.alfresco.repo.module.ModuleServiceImpl] [localhost-startStop-1] Starting module 'alfresco-trashcan-cleaner' version 2.2.
2018-01-16 15:18:19,752 INFO  [org.alfresco.repo.management.subsystems.ChildApplicationContextFactory] [localhost-startStop-1] Starting 'fileServers' subsystem, ID: [fileServers, default]
2018-01-16 15:18:20,009 INFO  [org.alfresco.repo.management.subsystems.ChildApplicationContextFactory] [localhost-startStop-1] Starting 'sysAdmin' subsystem, ID: [sysAdmin, default]
2018-01-16 15:18:20,029 INFO  [org.alfresco.repo.management.subsystems.ChildApplicationContextFactory] [localhost-startStop-1] Startup of 'sysAdmin' subsystem, ID: [sysAdmin, default] complete
2018-01-16 15:18:20,042 INFO  [org.alfresco.repo.management.subsystems.ChildApplicationContextFactory] [localhost-startStop-1] Startup of 'fileServers' subsystem, ID: [fileServers, default] complete
2018-01-16 15:18:20,042 INFO  [org.alfresco.repo.management.subsystems.ChildApplicationContextFactory] [localhost-startStop-1] Starting 'imap' subsystem, ID: [imap, default]
2018-01-16 15:18:20,120 INFO  [org.alfresco.repo.management.subsystems.ChildApplicationContextFactory] [localhost-startStop-1] Startup of 'imap' subsystem, ID: [imap, default] complete
2018-01-16 15:18:20,120 INFO  [org.alfresco.repo.management.subsystems.ChildApplicationContextFactory] [localhost-startStop-1] Starting 'email' subsystem, ID: [email, outbound]
2018-01-16 15:18:20,400 INFO  [org.alfresco.repo.management.subsystems.ChildApplicationContextFactory] [localhost-startStop-1] Startup of 'email' subsystem, ID: [email, outbound] complete
2018-01-16 15:18:20,401 INFO  [org.alfresco.repo.management.subsystems.ChildApplicationContextFactory] [localhost-startStop-1] Starting 'email' subsystem, ID: [email, inbound]
2018-01-16 15:18:20,478 INFO  [org.alfresco.repo.management.subsystems.ChildApplicationContextFactory] [localhost-startStop-1] Startup of 'email' subsystem, ID: [email, inbound] complete
2018-01-16 15:18:20,478 INFO  [org.alfresco.repo.management.subsystems.ChildApplicationContextFactory] [localhost-startStop-1] Starting 'Subscriptions' subsystem, ID: [Subscriptions, default]
2018-01-16 15:18:20,499 INFO  [org.alfresco.repo.management.subsystems.ChildApplicationContextFactory] [localhost-startStop-1] Startup of 'Subscriptions' subsystem, ID: [Subscriptions, default] complete
2018-01-16 15:18:20,518 INFO  [org.alfresco.repo.management.subsystems.ChildApplicationContextFactory] [localhost-startStop-1] Starting 'Synchronization' subsystem, ID: [Synchronization, default]
2018-01-16 15:18:20,603 INFO  [org.alfresco.repo.management.subsystems.ChildApplicationContextFactory] [localhost-startStop-1] Startup of 'Synchronization' subsystem, ID: [Synchronization, default] complete
2018-01-16 15:18:20,617 INFO  [org.alfresco.service.descriptor.DescriptorService] [localhost-startStop-1] Alfresco JVM - v1.8.0_77-b03; maximum heap size 1820.500MB
2018-01-16 15:18:20,618 INFO  [org.alfresco.service.descriptor.DescriptorService] [localhost-startStop-1] Server Mode :UNKNOWN
2018-01-16 15:18:20,620 INFO  [org.alfresco.service.descriptor.DescriptorService] [localhost-startStop-1] Alfresco Content Services started (Community). Current version: 5.2.0 (r134428-b13) schema 10,005. Originally installed version: 5.2.0 (r134428-b13) schema 10,005.
2018-01-16 15:18:20,629 INFO  [org.alfresco.repo.management.subsystems.ChildApplicationContextFactory] [localhost-startStop-1] Starting 'ActivitiesFeed' subsystem, ID: [ActivitiesFeed, default]
2018-01-16 15:18:20,803 INFO  [org.alfresco.repo.management.subsystems.ChildApplicationContextFactory] [localhost-startStop-1] Startup of 'ActivitiesFeed' subsystem, ID: [ActivitiesFeed, default] complete
2018-01-16 15:18:20,804 INFO  [org.alfresco.repo.management.subsystems.ChildApplicationContextFactory] [localhost-startStop-1] Starting 'Replication' subsystem, ID: [Replication, default]
2018-01-16 15:18:20,821 INFO  [org.alfresco.repo.management.subsystems.ChildApplicationContextFactory] [localhost-startStop-1] Startup of 'Replication' subsystem, ID: [Replication, default] complete
2018-01-16 15:18:24,671 INFO  [org.springframework.extensions.webscripts.DeclarativeRegistry] [asynchronouslyRefreshedCacheThreadPool1] Registered 399 Web Scripts (+0 failed), 548 URLs
2018-01-16 15:18:24,673 INFO  [org.springframework.extensions.webscripts.DeclarativeRegistry] [asynchronouslyRefreshedCacheThreadPool1] Registered 1 Package Description Documents (+0 failed) 
2018-01-16 15:18:24,673 INFO  [org.springframework.extensions.webscripts.DeclarativeRegistry] [asynchronouslyRefreshedCacheThreadPool1] Registered 0 Schema Description Documents (+0 failed) 
2018-01-16 15:18:26,340 INFO  [org.springframework.extensions.webscripts.DeclarativeRegistry] [localhost-startStop-1] Registered 399 Web Scripts (+0 failed), 548 URLs
2018-01-16 15:18:26,340 INFO  [org.springframework.extensions.webscripts.DeclarativeRegistry] [localhost-startStop-1] Registered 1 Package Description Documents (+0 failed) 
2018-01-16 15:18:26,340 INFO  [org.springframework.extensions.webscripts.DeclarativeRegistry] [localhost-startStop-1] Registered 0 Schema Description Documents (+0 failed) 
2018-01-16 15:18:26,345 INFO  [org.springframework.extensions.webscripts.AbstractRuntimeContainer] [localhost-startStop-1] Initialised Repository Web Script Container (in 4528.9087ms)
2018-01-16 15:18:26,361 INFO  [org.springframework.extensions.webscripts.TemplateProcessorRegistry] [localhost-startStop-1] Registered template processor freemarker for extension ftl
2018-01-16 15:18:26,363 INFO  [org.springframework.extensions.webscripts.ScriptProcessorRegistry] [localhost-startStop-1] Registered script processor javascript for extension js
2018-01-16 15:18:27,859 INFO  [org.springframework.extensions.webscripts.DeclarativeRegistry] [asynchronouslyRefreshedCacheThreadPool1] Registered 399 Web Scripts (+0 failed), 548 URLs
2018-01-16 15:18:27,859 INFO  [org.springframework.extensions.webscripts.DeclarativeRegistry] [asynchronouslyRefreshedCacheThreadPool1] Registered 1 Package Description Documents (+0 failed) 
2018-01-16 15:18:27,859 INFO  [org.springframework.extensions.webscripts.DeclarativeRegistry] [asynchronouslyRefreshedCacheThreadPool1] Registered 0 Schema Description Documents (+0 failed) 
2018-01-16 15:18:27,939 INFO  [org.springframework.extensions.webscripts.DeclarativeRegistry] [asynchronouslyRefreshedCacheThreadPool1] Registered 13 Web Scripts (+0 failed), 102 URLs
2018-01-16 15:18:27,939 INFO  [org.springframework.extensions.webscripts.DeclarativeRegistry] [asynchronouslyRefreshedCacheThreadPool1] Registered 0 Package Description Documents (+0 failed) 
2018-01-16 15:18:27,940 INFO  [org.springframework.extensions.webscripts.DeclarativeRegistry] [asynchronouslyRefreshedCacheThreadPool1] Registered 0 Schema Description Documents (+0 failed) 
2018-01-16 15:18:28,009 INFO  [org.springframework.extensions.webscripts.DeclarativeRegistry] [localhost-startStop-1] Registered 13 Web Scripts (+0 failed), 102 URLs
2018-01-16 15:18:28,009 INFO  [org.springframework.extensions.webscripts.DeclarativeRegistry] [localhost-startStop-1] Registered 0 Package Description Documents (+0 failed) 
2018-01-16 15:18:28,010 INFO  [org.springframework.extensions.webscripts.DeclarativeRegistry] [localhost-startStop-1] Registered 0 Schema Description Documents (+0 failed) 
2018-01-16 15:18:28,015 INFO  [org.springframework.extensions.webscripts.AbstractRuntimeContainer] [localhost-startStop-1] Initialised Public Api Web Script Container (in 1596.9557ms)
2018-01-16 15:18:28,060 INFO  [org.springframework.extensions.webscripts.DeclarativeRegistry] [asynchronouslyRefreshedCacheThreadPool1] Registered 13 Web Scripts (+0 failed), 102 URLs
2018-01-16 15:18:28,061 INFO  [org.springframework.extensions.webscripts.DeclarativeRegistry] [asynchronouslyRefreshedCacheThreadPool1] Registered 0 Package Description Documents (+0 failed) 
2018-01-16 15:18:28,061 INFO  [org.springframework.extensions.webscripts.DeclarativeRegistry] [asynchronouslyRefreshedCacheThreadPool1] Registered 0 Schema Description Documents (+0 failed) 
2018-01-16 15:19:15,066 INFO  [org.alfresco.repo.management.subsystems.ChildApplicationContextFactory] [http-bio-8080-exec-8] Starting 'Transformers' subsystem, ID: [Transformers, default]
2018-01-16 15:19:15,205 INFO  [org.alfresco.repo.management.subsystems.ChildApplicationContextFactory] [http-bio-8080-exec-8] Startup of 'Transformers' subsystem, ID: [Transformers, default] complete
2018-01-16 15:20:55,772 INFO  [org.alfresco.repo.management.subsystems.ChildApplicationContextFactory] [localhost-startStop-2] Stopping 'Replication' subsystem, ID: [Replication, default]
2018-01-16 15:20:55,773 INFO  [org.alfresco.repo.management.subsystems.ChildApplicationContextFactory] [localhost-startStop-2] Stopped 'Replication' subsystem, ID: [Replication, default]
2018-01-16 15:20:55,800 INFO  [org.alfresco.repo.management.subsystems.ChildApplicationContextFactory] [localhost-startStop-2] Stopping 'Subscriptions' subsystem, ID: [Subscriptions, default]
2018-01-16 15:20:55,801 INFO  [org.alfresco.repo.management.subsystems.ChildApplicationContextFactory] [localhost-startStop-2] Stopped 'Subscriptions' subsystem, ID: [Subscriptions, default]
2018-01-16 15:20:55,801 INFO  [org.alfresco.repo.management.subsystems.ChildApplicationContextFactory] [localhost-startStop-2] Stopping 'email' subsystem, ID: [email, inbound]
2018-01-16 15:20:55,801 INFO  [org.alfresco.repo.management.subsystems.ChildApplicationContextFactory] [localhost-startStop-2] Stopped 'email' subsystem, ID: [email, inbound]
2018-01-16 15:20:55,802 INFO  [org.alfresco.repo.management.subsystems.ChildApplicationContextFactory] [localhost-startStop-2] Stopping 'fileServers' subsystem, ID: [fileServers, default]
2018-01-16 15:20:55,803 INFO  [org.alfresco.repo.management.subsystems.ChildApplicationContextFactory] [localhost-startStop-2] Stopped 'fileServers' subsystem, ID: [fileServers, default]
2018-01-16 15:20:55,807 INFO  [org.alfresco.repo.management.subsystems.ChildApplicationContextFactory] [localhost-startStop-2] Stopping 'ActivitiesFeed' subsystem, ID: [ActivitiesFeed, default]
2018-01-16 15:20:55,807 INFO  [org.alfresco.repo.management.subsystems.ChildApplicationContextFactory] [localhost-startStop-2] Stopped 'ActivitiesFeed' subsystem, ID: [ActivitiesFeed, default]
2018-01-16 15:20:55,809 INFO  [org.alfresco.repo.management.subsystems.ChildApplicationContextFactory] [localhost-startStop-2] Stopping 'OOoDirect' subsystem, ID: [OOoDirect, default]
2018-01-16 15:20:55,809 INFO  [org.alfresco.repo.management.subsystems.ChildApplicationContextFactory] [localhost-startStop-2] Stopped 'OOoDirect' subsystem, ID: [OOoDirect, default]
2018-01-16 15:20:55,810 INFO  [org.alfresco.repo.management.subsystems.ChildApplicationContextFactory] [localhost-startStop-2] Stopping 'ContentStore' subsystem, ID: [ContentStore, managed, unencrypted]
2018-01-16 15:20:55,810 INFO  [org.alfresco.repo.management.subsystems.ChildApplicationContextFactory] [localhost-startStop-2] Stopped 'ContentStore' subsystem, ID: [ContentStore, managed, unencrypted]
2018-01-16 15:20:55,811 INFO  [org.alfresco.repo.management.subsystems.ChildApplicationContextFactory] [localhost-startStop-2] Stopping 'Synchronization' subsystem, ID: [Synchronization, default]
2018-01-16 15:20:55,812 INFO  [org.alfresco.repo.management.subsystems.ChildApplicationContextFactory] [localhost-startStop-2] Stopped 'Synchronization' subsystem, ID: [Synchronization, default]
2018-01-16 15:20:55,819 INFO  [org.alfresco.repo.management.subsystems.ChildApplicationContextFactory] [localhost-startStop-2] Stopping 'email' subsystem, ID: [email, outbound]
2018-01-16 15:20:55,819 INFO  [org.alfresco.repo.management.subsystems.ChildApplicationContextFactory] [localhost-startStop-2] Stopped 'email' subsystem, ID: [email, outbound]
2018-01-16 15:20:55,825 INFO  [org.alfresco.repo.management.subsystems.ChildApplicationContextFactory] [localhost-startStop-2] Stopping 'imap' subsystem, ID: [imap, default]
2018-01-16 15:20:55,826 INFO  [org.alfresco.repo.management.subsystems.ChildApplicationContextFactory] [localhost-startStop-2] Stopped 'imap' subsystem, ID: [imap, default]
2018-01-16 15:20:56,302 INFO  [org.alfresco.repo.management.subsystems.ChildApplicationContextFactory] [localhost-startStop-2] Stopping 'Search' subsystem, ID: [Search, managed, solr4]
2018-01-16 15:20:56,668 INFO  [org.alfresco.repo.management.subsystems.ChildApplicationContextFactory] [localhost-startStop-2] Stopped 'Search' subsystem, ID: [Search, managed, solr4]
2018-01-16 15:20:56,717 INFO  [org.alfresco.repo.management.subsystems.ChildApplicationContextFactory] [localhost-startStop-2] Stopping 'thirdparty' subsystem, ID: [thirdparty, default]
2018-01-16 15:20:56,718 INFO  [org.alfresco.repo.management.subsystems.ChildApplicationContextFactory] [localhost-startStop-2] Stopped 'thirdparty' subsystem, ID: [thirdparty, default]
2018-01-16 15:20:56,718 INFO  [org.alfresco.repo.management.subsystems.ChildApplicationContextFactory] [localhost-startStop-2] Stopping 'Transformers' subsystem, ID: [Transformers, default]
2018-01-16 15:20:56,718 INFO  [org.alfresco.repo.management.subsystems.ChildApplicationContextFactory] [localhost-startStop-2] Stopped 'Transformers' subsystem, ID: [Transformers, default]
2018-01-16 15:20:56,719 INFO  [org.alfresco.repo.management.subsystems.ChildApplicationContextFactory] [localhost-startStop-2] Stopping 'Authentication' subsystem, ID: [Authentication, managed, alfrescoNtlm1]
2018-01-16 15:20:56,719 INFO  [org.alfresco.repo.management.subsystems.ChildApplicationContextFactory] [localhost-startStop-2] Stopped 'Authentication' subsystem, ID: [Authentication, managed, alfrescoNtlm1]
2018-01-16 15:20:56,719 INFO  [org.alfresco.repo.management.subsystems.ChildApplicationContextFactory] [localhost-startStop-2] Stopping 'sysAdmin' subsystem, ID: [sysAdmin, default]
2018-01-16 15:20:56,719 INFO  [org.alfresco.repo.management.subsystems.ChildApplicationContextFactory] [localhost-startStop-2] Stopped 'sysAdmin' subsystem, ID: [sysAdmin, default]
2018-01-16 15:58:08,241 INFO  [org.alfresco.repo.admin] [localhost-startStop-1] Using database URL 'jdbc:h2:/opt/src/share-site-space-templates/share-site-space-templates-repo/alf_data_dev/h2_data/alf_dev;AUTO_SERVER=TRUE;DB_CLOSE_ON_EXIT=FALSE;LOCK_TIMEOUT=10000;MVCC=FALSE;LOCK_MODE=0' with user 'alfresco'.
2018-01-16 15:58:08,243 INFO  [org.alfresco.repo.admin] [localhost-startStop-1] Connected to database H2 version 1.4.190 (2015-10-11)
2018-01-16 15:58:12,198 INFO  [org.alfresco.repo.domain.schema.SchemaBootstrap] [localhost-startStop-1] Ignoring script patch (post-Hibernate): patch.db-V4.2-metadata-query-indexes
2018-01-16 15:58:12,198 INFO  [org.alfresco.repo.domain.schema.SchemaBootstrap] [localhost-startStop-1] Ignoring script patch (post-Hibernate): patch.db-V5.1-metadata-query-indexes
2018-01-16 15:58:12,198 INFO  [org.alfresco.repo.domain.schema.SchemaBootstrap] [localhost-startStop-1] Ignoring script patch (post-Hibernate): patch.db-V5.2-remove-jbpm-tables-from-db
2018-01-16 15:58:17,337 INFO  [org.alfresco.repo.management.subsystems.ChildApplicationContextFactory] [localhost-startStop-1] Starting 'Authentication' subsystem, ID: [Authentication, managed, alfrescoNtlm1]
2018-01-16 15:58:17,470 INFO  [org.alfresco.repo.management.subsystems.ChildApplicationContextFactory] [localhost-startStop-1] Startup of 'Authentication' subsystem, ID: [Authentication, managed, alfrescoNtlm1] complete
2018-01-16 15:58:19,240 INFO  [org.springframework.extensions.webscripts.TemplateProcessorRegistry] [localhost-startStop-1] Registered template processor Repository Template Processor for extension ftl
2018-01-16 15:58:19,244 INFO  [org.springframework.extensions.webscripts.ScriptProcessorRegistry] [localhost-startStop-1] Registered script processor Repository Script Processor for extension js
2018-01-16 15:58:21,211 INFO  [org.alfresco.repo.management.subsystems.ChildApplicationContextFactory] [localhost-startStop-1] Starting 'ContentStore' subsystem, ID: [ContentStore, managed, unencrypted]
2018-01-16 15:58:21,250 INFO  [org.alfresco.repo.management.subsystems.ChildApplicationContextFactory] [localhost-startStop-1] Startup of 'ContentStore' subsystem, ID: [ContentStore, managed, unencrypted] complete
2018-01-16 15:58:21,306 INFO  [org.alfresco.repo.domain.schema.SchemaBootstrap] [localhost-startStop-1] Connecting to database: jdbc:h2:/opt/src/share-site-space-templates/share-site-space-templates-repo/alf_data_dev/h2_data/alf_dev, UserName=ALFRESCO, H2 JDBC Driver
2018-01-16 15:58:21,306 INFO  [org.alfresco.repo.domain.schema.SchemaBootstrap] [localhost-startStop-1] Schema managed by database dialect org.hibernate.dialect.H2Dialect.
2018-01-16 15:58:21,386 INFO  [org.alfresco.repo.domain.schema.SchemaBootstrap] [localhost-startStop-1] No changes were made to the schema.
2018-01-16 15:58:22,284 INFO  [org.alfresco.repo.management.subsystems.ChildApplicationContextFactory] [localhost-startStop-1] Starting 'thirdparty' subsystem, ID: [thirdparty, default]
2018-01-16 15:58:22,330 ERROR [org.alfresco.repo.content.transform.magick.AbstractImageMagickContentTransformerWorker] [localhost-startStop-1] ImageMagickContentTransformerWorker not available: 00160016 Failed to perform ImageMagick transformation: 
Execution result: 
   os:         Mac OS X
   command:    ./ImageMagick/bin/convert /var/folders/9l/xf0cdj412fs4_bq2m9x52g0c0000gp/T/Alfresco/ImageMagickContentTransformerWorker_init_source_6471407251329930528.gif -strip /var/folders/9l/xf0cdj412fs4_bq2m9x52g0c0000gp/T/Alfresco/ImageMagickContentTransformerWorker_init_target_3434266976002887.png
   succeeded:  false
   exit code:  1
   out:        
   err:        Cannot run program "./ImageMagick/bin/convert": error=2, No such file or directory
2018-01-16 15:58:22,331 INFO  [org.alfresco.repo.management.subsystems.ChildApplicationContextFactory] [localhost-startStop-1] Startup of 'thirdparty' subsystem, ID: [thirdparty, default] complete
2018-01-16 15:58:22,331 INFO  [org.alfresco.repo.management.subsystems.ChildApplicationContextFactory] [localhost-startStop-1] Starting 'OOoDirect' subsystem, ID: [OOoDirect, default]
2018-01-16 15:58:22,496 ERROR [org.alfresco.util.exec.RuntimeExecBootstrapBean] [localhost-startStop-1] Bootstrap command failed: 
Execution result: 
   os:         Mac OS X
   command:    soffice -accept=socket,host=127.0.0.1,port=8100;urp;StarOffice.ServiceManager -env:UserInstallation=file:///opt/src/share-site-space-templates/share-site-space-templates-repo/alf_data_dev/oouser -headless -nocrashreport -nofirststartwizard -nologo -norestore
   succeeded:  false
   exit code:  2
   out:        
   err:        Cannot run program "soffice": error=2, No such file or directory
2018-01-16 15:58:22,525 WARN  [org.alfresco.util.OpenOfficeConnectionTester] [localhost-startStop-1] An initial OpenOffice connection could not be established.
2018-01-16 15:58:22,527 INFO  [org.alfresco.repo.management.subsystems.ChildApplicationContextFactory] [localhost-startStop-1] Startup of 'OOoDirect' subsystem, ID: [OOoDirect, default] complete
2018-01-16 15:58:22,528 INFO  [org.alfresco.repo.admin.ConfigurationChecker] [localhost-startStop-1] The root data directory ('dir.root') is: /opt/src/share-site-space-templates/share-site-space-templates-repo/alf_data_dev
2018-01-16 15:58:22,529 INFO  [org.alfresco.repo.management.subsystems.ChildApplicationContextFactory] [localhost-startStop-1] Starting 'Search' subsystem, ID: [Search, managed, solr4]
2018-01-16 15:58:22,719 INFO  [org.alfresco.repo.management.subsystems.ChildApplicationContextFactory] [localhost-startStop-1] Startup of 'Search' subsystem, ID: [Search, managed, solr4] complete
2018-01-16 15:58:22,732 INFO  [org.alfresco.repo.admin.patch.PatchExecuter] [localhost-startStop-1] Checking for patches to apply ...
2018-01-16 15:58:22,893 INFO  [org.alfresco.repo.admin.patch.PatchExecuter] [localhost-startStop-1] No patches were required.
2018-01-16 15:58:22,913 INFO  [org.alfresco.repo.module.ModuleServiceImpl] [localhost-startStop-1] Found 3 module package(s).
2018-01-16 15:58:22,932 INFO  [org.alfresco.repo.module.ModuleServiceImpl] [localhost-startStop-1] Starting module 'share-site-space-templates-repo' version 1.1.4-SNAPSHOT.
2018-01-16 15:58:22,940 INFO  [org.alfresco.repo.module.ModuleServiceImpl] [localhost-startStop-1] Starting module 'alfresco-share-services' version 5.2.0.
2018-01-16 15:58:22,949 INFO  [org.alfresco.repo.module.ModuleServiceImpl] [localhost-startStop-1] Starting module 'alfresco-trashcan-cleaner' version 2.2.
2018-01-16 15:58:22,954 INFO  [org.alfresco.repo.management.subsystems.ChildApplicationContextFactory] [localhost-startStop-1] Starting 'fileServers' subsystem, ID: [fileServers, default]
2018-01-16 15:58:23,205 INFO  [org.alfresco.repo.management.subsystems.ChildApplicationContextFactory] [localhost-startStop-1] Starting 'sysAdmin' subsystem, ID: [sysAdmin, default]
2018-01-16 15:58:23,225 INFO  [org.alfresco.repo.management.subsystems.ChildApplicationContextFactory] [localhost-startStop-1] Startup of 'sysAdmin' subsystem, ID: [sysAdmin, default] complete
2018-01-16 15:58:23,237 INFO  [org.alfresco.repo.management.subsystems.ChildApplicationContextFactory] [localhost-startStop-1] Startup of 'fileServers' subsystem, ID: [fileServers, default] complete
2018-01-16 15:58:23,238 INFO  [org.alfresco.repo.management.subsystems.ChildApplicationContextFactory] [localhost-startStop-1] Starting 'imap' subsystem, ID: [imap, default]
2018-01-16 15:58:23,320 INFO  [org.alfresco.repo.management.subsystems.ChildApplicationContextFactory] [localhost-startStop-1] Startup of 'imap' subsystem, ID: [imap, default] complete
2018-01-16 15:58:23,321 INFO  [org.alfresco.repo.management.subsystems.ChildApplicationContextFactory] [localhost-startStop-1] Starting 'email' subsystem, ID: [email, outbound]
2018-01-16 15:58:23,614 INFO  [org.alfresco.repo.management.subsystems.ChildApplicationContextFactory] [localhost-startStop-1] Startup of 'email' subsystem, ID: [email, outbound] complete
2018-01-16 15:58:23,614 INFO  [org.alfresco.repo.management.subsystems.ChildApplicationContextFactory] [localhost-startStop-1] Starting 'email' subsystem, ID: [email, inbound]
2018-01-16 15:58:23,665 INFO  [org.alfresco.repo.management.subsystems.ChildApplicationContextFactory] [localhost-startStop-1] Startup of 'email' subsystem, ID: [email, inbound] complete
2018-01-16 15:58:23,665 INFO  [org.alfresco.repo.management.subsystems.ChildApplicationContextFactory] [localhost-startStop-1] Starting 'Subscriptions' subsystem, ID: [Subscriptions, default]
2018-01-16 15:58:23,688 INFO  [org.alfresco.repo.management.subsystems.ChildApplicationContextFactory] [localhost-startStop-1] Startup of 'Subscriptions' subsystem, ID: [Subscriptions, default] complete
2018-01-16 15:58:23,706 INFO  [org.alfresco.repo.management.subsystems.ChildApplicationContextFactory] [localhost-startStop-1] Starting 'Synchronization' subsystem, ID: [Synchronization, default]
2018-01-16 15:58:23,788 INFO  [org.alfresco.repo.management.subsystems.ChildApplicationContextFactory] [localhost-startStop-1] Startup of 'Synchronization' subsystem, ID: [Synchronization, default] complete
2018-01-16 15:58:23,800 INFO  [org.alfresco.service.descriptor.DescriptorService] [localhost-startStop-1] Alfresco JVM - v1.8.0_77-b03; maximum heap size 910.500MB
2018-01-16 15:58:23,801 INFO  [org.alfresco.service.descriptor.DescriptorService] [localhost-startStop-1] Server Mode :UNKNOWN
2018-01-16 15:58:23,803 INFO  [org.alfresco.service.descriptor.DescriptorService] [localhost-startStop-1] Alfresco Content Services started (Community). Current version: 5.2.0 (r134428-b13) schema 10,005. Originally installed version: 5.2.0 (r134428-b13) schema 10,005.
2018-01-16 15:58:23,809 INFO  [org.alfresco.repo.management.subsystems.ChildApplicationContextFactory] [localhost-startStop-1] Starting 'ActivitiesFeed' subsystem, ID: [ActivitiesFeed, default]
2018-01-16 15:58:23,965 INFO  [org.alfresco.repo.management.subsystems.ChildApplicationContextFactory] [localhost-startStop-1] Startup of 'ActivitiesFeed' subsystem, ID: [ActivitiesFeed, default] complete
2018-01-16 15:58:23,966 INFO  [org.alfresco.repo.management.subsystems.ChildApplicationContextFactory] [localhost-startStop-1] Starting 'Replication' subsystem, ID: [Replication, default]
2018-01-16 15:58:23,983 INFO  [org.alfresco.repo.management.subsystems.ChildApplicationContextFactory] [localhost-startStop-1] Startup of 'Replication' subsystem, ID: [Replication, default] complete
2018-01-16 15:58:27,589 INFO  [org.springframework.extensions.webscripts.DeclarativeRegistry] [asynchronouslyRefreshedCacheThreadPool1] Registered 399 Web Scripts (+0 failed), 548 URLs
2018-01-16 15:58:27,590 INFO  [org.springframework.extensions.webscripts.DeclarativeRegistry] [asynchronouslyRefreshedCacheThreadPool1] Registered 1 Package Description Documents (+0 failed) 
2018-01-16 15:58:27,590 INFO  [org.springframework.extensions.webscripts.DeclarativeRegistry] [asynchronouslyRefreshedCacheThreadPool1] Registered 0 Schema Description Documents (+0 failed) 
2018-01-16 15:58:29,166 INFO  [org.springframework.extensions.webscripts.DeclarativeRegistry] [localhost-startStop-1] Registered 399 Web Scripts (+0 failed), 548 URLs
2018-01-16 15:58:29,167 INFO  [org.springframework.extensions.webscripts.DeclarativeRegistry] [localhost-startStop-1] Registered 1 Package Description Documents (+0 failed) 
2018-01-16 15:58:29,167 INFO  [org.springframework.extensions.webscripts.DeclarativeRegistry] [localhost-startStop-1] Registered 0 Schema Description Documents (+0 failed) 
2018-01-16 15:58:29,171 INFO  [org.springframework.extensions.webscripts.AbstractRuntimeContainer] [localhost-startStop-1] Initialised Repository Web Script Container (in 4223.695ms)
2018-01-16 15:58:29,188 INFO  [org.springframework.extensions.webscripts.TemplateProcessorRegistry] [localhost-startStop-1] Registered template processor freemarker for extension ftl
2018-01-16 15:58:29,190 INFO  [org.springframework.extensions.webscripts.ScriptProcessorRegistry] [localhost-startStop-1] Registered script processor javascript for extension js
2018-01-16 15:58:30,614 INFO  [org.springframework.extensions.webscripts.DeclarativeRegistry] [asynchronouslyRefreshedCacheThreadPool1] Registered 399 Web Scripts (+0 failed), 548 URLs
2018-01-16 15:58:30,615 INFO  [org.springframework.extensions.webscripts.DeclarativeRegistry] [asynchronouslyRefreshedCacheThreadPool1] Registered 1 Package Description Documents (+0 failed) 
2018-01-16 15:58:30,615 INFO  [org.springframework.extensions.webscripts.DeclarativeRegistry] [asynchronouslyRefreshedCacheThreadPool1] Registered 0 Schema Description Documents (+0 failed) 
2018-01-16 15:58:30,691 INFO  [org.springframework.extensions.webscripts.DeclarativeRegistry] [asynchronouslyRefreshedCacheThreadPool1] Registered 13 Web Scripts (+0 failed), 102 URLs
2018-01-16 15:58:30,691 INFO  [org.springframework.extensions.webscripts.DeclarativeRegistry] [asynchronouslyRefreshedCacheThreadPool1] Registered 0 Package Description Documents (+0 failed) 
2018-01-16 15:58:30,692 INFO  [org.springframework.extensions.webscripts.DeclarativeRegistry] [asynchronouslyRefreshedCacheThreadPool1] Registered 0 Schema Description Documents (+0 failed) 
2018-01-16 15:58:30,829 INFO  [org.springframework.extensions.webscripts.DeclarativeRegistry] [localhost-startStop-1] Registered 13 Web Scripts (+0 failed), 102 URLs
2018-01-16 15:58:30,829 INFO  [org.springframework.extensions.webscripts.DeclarativeRegistry] [localhost-startStop-1] Registered 0 Package Description Documents (+0 failed) 
2018-01-16 15:58:30,829 INFO  [org.springframework.extensions.webscripts.DeclarativeRegistry] [localhost-startStop-1] Registered 0 Schema Description Documents (+0 failed) 
2018-01-16 15:58:30,833 INFO  [org.springframework.extensions.webscripts.AbstractRuntimeContainer] [localhost-startStop-1] Initialised Public Api Web Script Container (in 1589.0607ms)
2018-01-16 15:58:30,866 INFO  [org.springframework.extensions.webscripts.DeclarativeRegistry] [asynchronouslyRefreshedCacheThreadPool1] Registered 13 Web Scripts (+0 failed), 102 URLs
2018-01-16 15:58:30,866 INFO  [org.springframework.extensions.webscripts.DeclarativeRegistry] [asynchronouslyRefreshedCacheThreadPool1] Registered 0 Package Description Documents (+0 failed) 
2018-01-16 15:58:30,867 INFO  [org.springframework.extensions.webscripts.DeclarativeRegistry] [asynchronouslyRefreshedCacheThreadPool1] Registered 0 Schema Description Documents (+0 failed) 
2018-01-16 16:06:19,711 INFO  [org.alfresco.repo.management.subsystems.ChildApplicationContextFactory] [localhost-startStop-2] Stopping 'Replication' subsystem, ID: [Replication, default]
2018-01-16 16:06:19,713 INFO  [org.alfresco.repo.management.subsystems.ChildApplicationContextFactory] [localhost-startStop-2] Stopped 'Replication' subsystem, ID: [Replication, default]
2018-01-16 16:06:19,766 INFO  [org.alfresco.repo.management.subsystems.ChildApplicationContextFactory] [localhost-startStop-2] Stopping 'Subscriptions' subsystem, ID: [Subscriptions, default]
2018-01-16 16:06:19,766 INFO  [org.alfresco.repo.management.subsystems.ChildApplicationContextFactory] [localhost-startStop-2] Stopped 'Subscriptions' subsystem, ID: [Subscriptions, default]
2018-01-16 16:06:19,766 INFO  [org.alfresco.repo.management.subsystems.ChildApplicationContextFactory] [localhost-startStop-2] Stopping 'email' subsystem, ID: [email, inbound]
2018-01-16 16:06:19,767 INFO  [org.alfresco.repo.management.subsystems.ChildApplicationContextFactory] [localhost-startStop-2] Stopped 'email' subsystem, ID: [email, inbound]
2018-01-16 16:06:19,767 INFO  [org.alfresco.repo.management.subsystems.ChildApplicationContextFactory] [localhost-startStop-2] Stopping 'fileServers' subsystem, ID: [fileServers, default]
2018-01-16 16:06:19,769 INFO  [org.alfresco.repo.management.subsystems.ChildApplicationContextFactory] [localhost-startStop-2] Stopped 'fileServers' subsystem, ID: [fileServers, default]
2018-01-16 16:06:19,773 INFO  [org.alfresco.repo.management.subsystems.ChildApplicationContextFactory] [localhost-startStop-2] Stopping 'ActivitiesFeed' subsystem, ID: [ActivitiesFeed, default]
2018-01-16 16:06:19,773 INFO  [org.alfresco.repo.management.subsystems.ChildApplicationContextFactory] [localhost-startStop-2] Stopped 'ActivitiesFeed' subsystem, ID: [ActivitiesFeed, default]
2018-01-16 16:06:19,775 INFO  [org.alfresco.repo.management.subsystems.ChildApplicationContextFactory] [localhost-startStop-2] Stopping 'OOoDirect' subsystem, ID: [OOoDirect, default]
2018-01-16 16:06:19,775 INFO  [org.alfresco.repo.management.subsystems.ChildApplicationContextFactory] [localhost-startStop-2] Stopped 'OOoDirect' subsystem, ID: [OOoDirect, default]
2018-01-16 16:06:19,775 INFO  [org.alfresco.repo.management.subsystems.ChildApplicationContextFactory] [localhost-startStop-2] Stopping 'ContentStore' subsystem, ID: [ContentStore, managed, unencrypted]
2018-01-16 16:06:19,775 INFO  [org.alfresco.repo.management.subsystems.ChildApplicationContextFactory] [localhost-startStop-2] Stopped 'ContentStore' subsystem, ID: [ContentStore, managed, unencrypted]
2018-01-16 16:06:19,776 INFO  [org.alfresco.repo.management.subsystems.ChildApplicationContextFactory] [localhost-startStop-2] Stopping 'Synchronization' subsystem, ID: [Synchronization, default]
2018-01-16 16:06:19,777 INFO  [org.alfresco.repo.management.subsystems.ChildApplicationContextFactory] [localhost-startStop-2] Stopped 'Synchronization' subsystem, ID: [Synchronization, default]
2018-01-16 16:06:19,783 INFO  [org.alfresco.repo.management.subsystems.ChildApplicationContextFactory] [localhost-startStop-2] Stopping 'email' subsystem, ID: [email, outbound]
2018-01-16 16:06:19,783 INFO  [org.alfresco.repo.management.subsystems.ChildApplicationContextFactory] [localhost-startStop-2] Stopped 'email' subsystem, ID: [email, outbound]
2018-01-16 16:06:19,788 INFO  [org.alfresco.repo.management.subsystems.ChildApplicationContextFactory] [localhost-startStop-2] Stopping 'imap' subsystem, ID: [imap, default]
2018-01-16 16:06:19,789 INFO  [org.alfresco.repo.management.subsystems.ChildApplicationContextFactory] [localhost-startStop-2] Stopped 'imap' subsystem, ID: [imap, default]
2018-01-16 16:06:20,299 INFO  [org.alfresco.repo.management.subsystems.ChildApplicationContextFactory] [localhost-startStop-2] Stopping 'Search' subsystem, ID: [Search, managed, solr4]
2018-01-16 16:06:20,773 INFO  [org.alfresco.repo.management.subsystems.ChildApplicationContextFactory] [localhost-startStop-2] Stopped 'Search' subsystem, ID: [Search, managed, solr4]
2018-01-16 16:06:20,817 INFO  [org.alfresco.repo.management.subsystems.ChildApplicationContextFactory] [localhost-startStop-2] Stopping 'thirdparty' subsystem, ID: [thirdparty, default]
2018-01-16 16:06:20,817 INFO  [org.alfresco.repo.management.subsystems.ChildApplicationContextFactory] [localhost-startStop-2] Stopped 'thirdparty' subsystem, ID: [thirdparty, default]
2018-01-16 16:06:20,818 INFO  [org.alfresco.repo.management.subsystems.ChildApplicationContextFactory] [localhost-startStop-2] Stopping 'Authentication' subsystem, ID: [Authentication, managed, alfrescoNtlm1]
2018-01-16 16:06:20,818 INFO  [org.alfresco.repo.management.subsystems.ChildApplicationContextFactory] [localhost-startStop-2] Stopped 'Authentication' subsystem, ID: [Authentication, managed, alfrescoNtlm1]
2018-01-16 16:06:20,818 INFO  [org.alfresco.repo.management.subsystems.ChildApplicationContextFactory] [localhost-startStop-2] Stopping 'sysAdmin' subsystem, ID: [sysAdmin, default]
2018-01-16 16:06:20,818 INFO  [org.alfresco.repo.management.subsystems.ChildApplicationContextFactory] [localhost-startStop-2] Stopped 'sysAdmin' subsystem, ID: [sysAdmin, default]
