2018-01-16 15:08:26,637 INFO  [org.alfresco.solr.component.AsyncBuildSuggestComponent] Initializing SuggestComponent
2018-01-16 15:08:26,637 INFO  [org.alfresco.solr.component.AsyncBuildSuggestComponent] Initializing SuggestComponent
2018-01-16 15:08:26,780 WARN  [org.alfresco.solr.component.AsyncBuildSuggestComponent] Solr suggester temp file found matching file pattern: WFSTInputIterator*.{input,sorted}, path: /var/folders/9l/xf0cdj412fs4_bq2m9x52g0c0000gp/T/WFSTInputIterator1440608155673302000.input
2018-01-16 15:08:26,780 WARN  [org.alfresco.solr.component.AsyncBuildSuggestComponent] Reported first suggester temp file found, others may exist.
2018-01-16 15:08:26,780 INFO  [org.alfresco.solr.component.AsyncBuildSuggestComponent] Loading suggester index for: shingleBasedSuggestions
2018-01-16 15:08:26,804 INFO  [org.alfresco.solr.component.AsyncBuildSuggestComponent] Loaded suggester shingleBasedSuggestions, took 24 ms
2018-01-16 15:10:25,325 INFO  [org.alfresco.solr.component.AsyncBuildSuggestComponent] Initializing SuggestComponent
2018-01-16 15:10:25,325 INFO  [org.alfresco.solr.component.AsyncBuildSuggestComponent] Initializing SuggestComponent
2018-01-16 15:10:25,460 WARN  [org.alfresco.solr.component.AsyncBuildSuggestComponent] Solr suggester temp file found matching file pattern: WFSTInputIterator*.{input,sorted}, path: /var/folders/9l/xf0cdj412fs4_bq2m9x52g0c0000gp/T/WFSTInputIterator1440608155673302000.input
2018-01-16 15:10:25,461 WARN  [org.alfresco.solr.component.AsyncBuildSuggestComponent] Reported first suggester temp file found, others may exist.
2018-01-16 15:10:25,461 INFO  [org.alfresco.solr.component.AsyncBuildSuggestComponent] Loading suggester index for: shingleBasedSuggestions
2018-01-16 15:10:25,490 INFO  [org.alfresco.solr.component.AsyncBuildSuggestComponent] Loaded suggester shingleBasedSuggestions, took 29 ms
2018-01-16 15:18:40,170 INFO  [org.alfresco.solr.component.AsyncBuildSuggestComponent] Initializing SuggestComponent
2018-01-16 15:18:40,170 INFO  [org.alfresco.solr.component.AsyncBuildSuggestComponent] Initializing SuggestComponent
2018-01-16 15:18:40,300 WARN  [org.alfresco.solr.component.AsyncBuildSuggestComponent] Solr suggester temp file found matching file pattern: WFSTInputIterator*.{input,sorted}, path: /var/folders/9l/xf0cdj412fs4_bq2m9x52g0c0000gp/T/WFSTInputIterator1440608155673302000.input
2018-01-16 15:18:40,301 WARN  [org.alfresco.solr.component.AsyncBuildSuggestComponent] Reported first suggester temp file found, others may exist.
2018-01-16 15:18:40,301 INFO  [org.alfresco.solr.component.AsyncBuildSuggestComponent] Loading suggester index for: shingleBasedSuggestions
2018-01-16 15:18:40,323 INFO  [org.alfresco.solr.component.AsyncBuildSuggestComponent] Loaded suggester shingleBasedSuggestions, took 22 ms
2018-01-16 15:58:43,020 INFO  [org.alfresco.solr.component.AsyncBuildSuggestComponent] Initializing SuggestComponent
2018-01-16 15:58:43,020 INFO  [org.alfresco.solr.component.AsyncBuildSuggestComponent] Initializing SuggestComponent
2018-01-16 15:58:43,163 WARN  [org.alfresco.solr.component.AsyncBuildSuggestComponent] Solr suggester temp file found matching file pattern: WFSTInputIterator*.{input,sorted}, path: /var/folders/9l/xf0cdj412fs4_bq2m9x52g0c0000gp/T/WFSTInputIterator1440608155673302000.input
2018-01-16 15:58:43,164 WARN  [org.alfresco.solr.component.AsyncBuildSuggestComponent] Reported first suggester temp file found, others may exist.
2018-01-16 15:58:43,164 INFO  [org.alfresco.solr.component.AsyncBuildSuggestComponent] Loading suggester index for: shingleBasedSuggestions
2018-01-16 15:58:43,469 INFO  [org.alfresco.solr.component.AsyncBuildSuggestComponent] Loaded suggester shingleBasedSuggestions, took 305 ms
